positions: instr line
events: inuse_space(MB)

ob=
fl=(1) /Users/l/.go/pkg/mod/github.com/dgraph-io/badger@v1.5.4/skl/arena.go
fn=(1) github.com/dgraph-io/badger/skl.newArena
0x1454e80 48 20

ob=
fl=(2) /usr/local/Cellar/go/1.11.5/libexec/src/runtime/proc.go
fn=(2) runtime.main
-4349274 201 0
cfl=(3) /Users/l/Code/deq/cmd/deqd/deqd.go
cfn=(3) main.main
calls=0 +250668 54
* * 20

ob=
fl=(4) /Users/l/.go/pkg/mod/github.com/dgraph-io/badger@v1.5.4/skl/skl.go
fn=(4) github.com/dgraph-io/badger/skl.NewSkiplist
+4349274 127 0
cfl=(1)
cfn=(1)
calls=0 +4349274 48
* * 20

ob=
fl=(5) /Users/l/.go/pkg/mod/github.com/dgraph-io/badger@v1.5.4/db.go
fn=(5) github.com/dgraph-io/badger.Open
+24069 268 0
cfl=(4)
cfn=(4)
calls=0 * 127
* * 20

ob=
fl=(6) /Users/l/Code/deq/pkg/eventstore/eventstore.go
fn=(6) gitlab.com/katcheCode/deq/pkg/eventstore.Open
+202128 52 0
cfl=(5)
cfn=(5)
calls=0 * 268
* * 20

ob=
fl=(3)
fn=(3)
+24471 54 0
cfl=(3)
cfn=(7) main.run
calls=0 +25062 95
* * 20

ob=
fl=(3)
fn=(7)
+591 95 0
cfl=(6)
cfn=(6)
calls=0 -24471 52
* * 20
